#
# There is insufficient memory for the Java Runtime Environment to continue.
# Native memory allocation (malloc) failed to allocate 32744 bytes for ChunkPool::allocate
# Possible reasons:
#   The system is out of physical RAM or swap space
#   The process is running with CompressedOops enabled, and the Java Heap may be blocking the growth of the native heap
# Possible solutions:
#   Reduce memory load on the system
#   Increase physical memory or swap space
#   Check if swap backing store is full
#   Decrease Java heap size (-Xmx/-Xms)
#   Decrease number of Java threads
#   Decrease Java thread stack sizes (-Xss)
#   Set larger code cache with -XX:ReservedCodeCacheSize=
#   JVM is running with Unscaled Compressed Oops mode in which the Java heap is
#     placed in the first 4GB address space. The Java Heap base address is the
#     maximum limit for the native heap growth. Please use -XX:HeapBaseMinAddress
#     to set the Java Heap base and to place the Java Heap above 4GB virtual address.
# This output file may be truncated or incomplete.
#
#  Out of Memory Error (allocation.cpp:272), pid=7664, tid=0x00000000000037b4
#
# JRE version: Java(TM) SE Runtime Environment (8.0_351-b10) (build 1.8.0_351-b10)
# Java VM: Java HotSpot(TM) 64-Bit Server VM (25.351-b10 mixed mode windows-amd64 compressed oops)
# Failed to write core dump. Minidumps are not enabled by default on client versions of Windows
#

---------------  T H R E A D  ---------------

Current thread (0x000002ad39cdd800):  JavaThread "C1 CompilerThread3" daemon [_thread_in_native, id=14260, stack(0x000000ca2fb00000,0x000000ca2fc00000)]

Stack: [0x000000ca2fb00000,0x000000ca2fc00000]
Native frames: (J=compiled Java code, j=interpreted, Vv=VM code, C=native code)
V  [jvm.dll+0x3300b9]


Current CompileTask:
C1:    145   29       3       java.lang.String::toLowerCase (439 bytes)


---------------  P R O C E S S  ---------------

Java Threads: ( => current thread )
  0x000002ad3bb58800 JavaThread "Service Thread" daemon [_thread_blocked, id=27544, stack(0x000000ca2fc00000,0x000000ca2fd00000)]
=>0x000002ad39cdd800 JavaThread "C1 CompilerThread3" daemon [_thread_in_native, id=14260, stack(0x000000ca2fb00000,0x000000ca2fc00000)]
  0x000002ad39cd5800 JavaThread "C2 CompilerThread2" daemon [_thread_blocked, id=8864, stack(0x000000ca2fa00000,0x000000ca2fb00000)]
  0x000002ad39cd0800 JavaThread "C2 CompilerThread1" daemon [_thread_blocked, id=11640, stack(0x000000ca2f900000,0x000000ca2fa00000)]
  0x000002ad39cca000 JavaThread "C2 CompilerThread0" daemon [_thread_blocked, id=20524, stack(0x000000ca2f800000,0x000000ca2f900000)]
  0x000002ad39cc6800 JavaThread "Attach Listener" daemon [_thread_blocked, id=2904, stack(0x000000ca2f700000,0x000000ca2f800000)]
  0x000002ad39cc5800 JavaThread "Signal Dispatcher" daemon [_thread_blocked, id=25316, stack(0x000000ca2f600000,0x000000ca2f700000)]
  0x000002ad39ca8800 JavaThread "Finalizer" daemon [_thread_blocked, id=14312, stack(0x000000ca2f500000,0x000000ca2f600000)]
  0x000002ad39c81000 JavaThread "Reference Handler" daemon [_thread_blocked, id=4208, stack(0x000000ca2f400000,0x000000ca2f500000)]
  0x000002ad283a2000 JavaThread "main" [_thread_in_native, id=16396, stack(0x000000ca2ea00000,0x000000ca2eb00000)]

Other Threads:
  0x000002ad39c76000 VMThread [stack: 0x000000ca2f300000,0x000000ca2f400000] [id=20848]

VM state:not at safepoint (normal execution)

VM Mutex/Monitor currently owned by a thread: None

heap address: 0x00000000ff000000, size: 16 MB, Compressed Oops mode: 32-bit
Narrow klass base: 0x0000000000000000, Narrow klass shift: 3
Compressed class space size: 1073741824 Address: 0x0000000100000000

Heap:
 PSYoungGen      total 4608K, used 779K [0x00000000ffb00000, 0x0000000100000000, 0x0000000100000000)
  eden space 4096K, 19% used [0x00000000ffb00000,0x00000000ffbc2f10,0x00000000fff00000)
  from space 512K, 0% used [0x00000000fff80000,0x00000000fff80000,0x0000000100000000)
  to   space 512K, 0% used [0x00000000fff00000,0x00000000fff00000,0x00000000fff80000)
 ParOldGen       total 11264K, used 0K [0x00000000ff000000, 0x00000000ffb00000, 0x00000000ffb00000)
  object space 11264K, 0% used [0x00000000ff000000,0x00000000ff000000,0x00000000ffb00000)
 Metaspace       used 2741K, capacity 4480K, committed 4480K, reserved 1056768K
  class space    used 305K, capacity 384K, committed 384K, reserved 1048576K

Card table byte_map: [0x000002ad285e0000,0x000002ad285f0000] byte_map_base: 0x000002ad27de8000

Marking Bits: (ParMarkBitMap*) 0x000000005b358fd0
 Begin Bits: [0x000002ad28600000, 0x000002ad28640000)
 End Bits:   [0x000002ad28640000, 0x000002ad28680000)

Polling page: 0x000002ad285b0000

CodeCache: size=245760Kb used=1123Kb max_used=1123Kb free=244636Kb
 bounds [0x000002ad29e90000, 0x000002ad2a100000, 0x000002ad38e90000]
 total_blobs=270 nmethods=28 adapters=157
 compilation: enabled

Compilation events (10 events):
Event: 0.134 Thread 0x000002ad39cdd800 nmethod 24 0x000002ad29fa6d50 code [0x000002ad29fa6ea0, 0x000002ad29fa7038]
Event: 0.136 Thread 0x000002ad39cdd800   25       3       java.util.jar.Attributes$Name::isValid (32 bytes)
Event: 0.136 Thread 0x000002ad39cdd800 nmethod 25 0x000002ad29fa6690 code [0x000002ad29fa6800, 0x000002ad29fa6aa0]
Event: 0.136 Thread 0x000002ad39cdd800   26       3       java.util.jar.Attributes$Name::isAlpha (30 bytes)
Event: 0.137 Thread 0x000002ad39cdd800 nmethod 26 0x000002ad29fa6290 code [0x000002ad29fa63e0, 0x000002ad29fa6618]
Event: 0.137 Thread 0x000002ad39cdd800   27       3       java.lang.Character::toUpperCaseEx (30 bytes)
Event: 0.138 Thread 0x000002ad39cdd800 nmethod 27 0x000002ad29fa5e10 code [0x000002ad29fa5f80, 0x000002ad29fa61c0]
Event: 0.138 Thread 0x000002ad39cdd800   28       3       java.lang.CharacterDataLatin1::toUpperCaseEx (71 bytes)
Event: 0.138 Thread 0x000002ad39cdd800 nmethod 28 0x000002ad29fa5850 code [0x000002ad29fa59c0, 0x000002ad29fa5c98]
Event: 0.139 Thread 0x000002ad39cdd800   29       3       java.lang.String::toLowerCase (439 bytes)

GC Heap History (0 events):
No events

Deoptimization events (0 events):
No events

Classes redefined (0 events):
No events

Internal exceptions (2 events):
Event: 0.045 Thread 0x000002ad283a2000 Exception <a 'java/lang/NoSuchMethodError': Method sun.misc.Unsafe.defineClass(Ljava/lang/String;[BII)Ljava/lang/Class; name or signature does not match> (0x00000000ffb07ce0) thrown at [C:\jenkins\workspace\8-2-build-windows-x64-cygwin\jdk8u351\2908\hotsp
Event: 0.045 Thread 0x000002ad283a2000 Exception <a 'java/lang/NoSuchMethodError': Method sun.misc.Unsafe.prefetchRead(Ljava/lang/Object;J)V name or signature does not match> (0x00000000ffb07fc8) thrown at [C:\jenkins\workspace\8-2-build-windows-x64-cygwin\jdk8u351\2908\hotspot\src\share\vm\pr

Events (10 events):
Event: 0.140 loading class sun/misc/FloatingDecimal$BinaryToASCIIBuffer
Event: 0.140 loading class sun/misc/FloatingDecimal$BinaryToASCIIBuffer done
Event: 0.140 loading class sun/misc/FloatingDecimal$1
Event: 0.140 loading class sun/misc/FloatingDecimal$1 done
Event: 0.140 loading class sun/misc/FloatingDecimal$PreparedASCIIToBinaryBuffer
Event: 0.140 loading class sun/misc/FloatingDecimal$ASCIIToBinaryConverter
Event: 0.140 loading class sun/misc/FloatingDecimal$ASCIIToBinaryConverter done
Event: 0.140 loading class sun/misc/FloatingDecimal$PreparedASCIIToBinaryBuffer done
Event: 0.140 loading class sun/misc/FDBigInteger
Event: 0.140 loading class sun/misc/FDBigInteger done


Dynamic libraries:
0x00007ff6a9250000 - 0x00007ff6a9297000 	C:\Program Files\Java\jre1.8.0_351\bin\javaw.exe
0x00007ffa4c6f0000 - 0x00007ffa4c908000 	C:\WINDOWS\SYSTEM32\ntdll.dll
0x00007ffa4b980000 - 0x00007ffa4ba44000 	C:\WINDOWS\System32\KERNEL32.DLL
0x00007ffa49d20000 - 0x00007ffa4a0f3000 	C:\WINDOWS\System32\KERNELBASE.dll
0x00007ffa44b90000 - 0x00007ffa44c27000 	C:\WINDOWS\SYSTEM32\apphelp.dll
0x00007ffa4ace0000 - 0x00007ffa4ad91000 	C:\WINDOWS\System32\ADVAPI32.dll
0x00007ffa4ac20000 - 0x00007ffa4acc7000 	C:\WINDOWS\System32\msvcrt.dll
0x00007ffa4a390000 - 0x00007ffa4a438000 	C:\WINDOWS\System32\sechost.dll
0x00007ffa499e0000 - 0x00007ffa49a08000 	C:\WINDOWS\System32\bcrypt.dll
0x00007ffa4c590000 - 0x00007ffa4c6a8000 	C:\WINDOWS\System32\RPCRT4.dll
0x00007ffa4af00000 - 0x00007ffa4b0b2000 	C:\WINDOWS\System32\USER32.dll
0x00007ffa49b30000 - 0x00007ffa49b56000 	C:\WINDOWS\System32\win32u.dll
0x00007ffa4c2f0000 - 0x00007ffa4c319000 	C:\WINDOWS\System32\GDI32.dll
0x00007ffa49800000 - 0x00007ffa4991b000 	C:\WINDOWS\System32\gdi32full.dll
0x00007ffa4a100000 - 0x00007ffa4a19a000 	C:\WINDOWS\System32\msvcp_win.dll
0x00007ffa49a10000 - 0x00007ffa49b21000 	C:\WINDOWS\System32\ucrtbase.dll
0x00007ffa37420000 - 0x00007ffa376bc000 	C:\WINDOWS\WinSxS\amd64_microsoft.windows.common-controls_6595b64144ccf1df_6.0.22621.6060_none_2712eda17382d24b\COMCTL32.dll
0x00007ffa4b4b0000 - 0x00007ffa4b4e1000 	C:\WINDOWS\System32\IMM32.DLL
0x00007ffa3d540000 - 0x00007ffa3d555000 	C:\Program Files\Java\jre1.8.0_351\bin\vcruntime140.dll
0x00007ff9d5880000 - 0x00007ff9d591b000 	C:\Program Files\Java\jre1.8.0_351\bin\msvcp140.dll
0x000000005ab70000 - 0x000000005b3d1000 	C:\Program Files\Java\jre1.8.0_351\bin\server\jvm.dll
0x00007ffa4acd0000 - 0x00007ffa4acd8000 	C:\WINDOWS\System32\PSAPI.DLL
0x00007ffa459a0000 - 0x00007ffa459aa000 	C:\WINDOWS\SYSTEM32\VERSION.dll
0x00007ffa45180000 - 0x00007ffa451b4000 	C:\WINDOWS\SYSTEM32\WINMM.dll
0x00007ffa41b70000 - 0x00007ffa41b79000 	C:\WINDOWS\SYSTEM32\WSOCK32.dll
0x00007ffa4c320000 - 0x00007ffa4c391000 	C:\WINDOWS\System32\WS2_32.dll
0x00007ffa487a0000 - 0x00007ffa487b8000 	C:\WINDOWS\SYSTEM32\kernel.appcore.dll
0x00007ffa475b0000 - 0x00007ffa475c0000 	C:\Program Files\Java\jre1.8.0_351\bin\verify.dll
0x00007ffa33220000 - 0x00007ffa3324b000 	C:\Program Files\Java\jre1.8.0_351\bin\java.dll
0x00007ffa3d520000 - 0x00007ffa3d538000 	C:\Program Files\Java\jre1.8.0_351\bin\zip.dll
0x00007ffa4ba50000 - 0x00007ffa4c2ec000 	C:\WINDOWS\System32\SHELL32.dll
0x00007ffa49be0000 - 0x00007ffa49d1f000 	C:\WINDOWS\System32\wintypes.dll
0x00007ffa4a770000 - 0x00007ffa4ab01000 	C:\WINDOWS\System32\combase.dll
0x00007ffa476b0000 - 0x00007ffa47fca000 	C:\WINDOWS\SYSTEM32\windows.storage.dll
0x00007ffa4a440000 - 0x00007ffa4a544000 	C:\WINDOWS\System32\SHCORE.dll
0x00007ffa4b3e0000 - 0x00007ffa4b449000 	C:\WINDOWS\System32\shlwapi.dll
0x00007ffa49730000 - 0x00007ffa49755000 	C:\WINDOWS\SYSTEM32\profapi.dll

VM Arguments:
jvm_args: -Xmx16m 
java_command: org.eclipse.jdt.internal.launching.support.LibraryDetector
java_class_path (initial): C:\Users\39392\AppData\Roaming\Code\User\globalStorage\redhat.java\1.55.0\config_ss_win\org.eclipse.osgi\38\0\.cp\lib\launchingsupport.jar
Launcher Type: SUN_STANDARD

Environment Variables:
PATH=C:\Program Files\Common Files\Oracle\Java\javapath;C:\Program Files (x86)\Common Files\Oracle\Java\javapath;C:\Program Files\OpenLogic\jdk-11.0.19.7-hotspot\bin;C:\Program Files\Python311\Scripts\;C:\Program Files\Python311\;C:\Windows\system32;C:\Windows;C:\Windows\System32\Wbem;C:\Windows\System32\WindowsPowerShell\v1.0\;C:\Windows\System32\OpenSSH\;C:\Program Files (x86)\NVIDIA Corporation\PhysX\Common;C:\WINDOWS\system32;C:\WINDOWS;C:\WINDOWS\System32\Wbem;C:\WINDOWS\System32\WindowsPowerShell\v1.0\;C:\WINDOWS\System32\OpenSSH\;C:\ProgramData\chocolatey\bin;C:\Program Files\Git\cmd;C:\Program Files\dotnet\;C:\Program Files\Microsoft SQL Server\170\Tools\Binn\;C:\Program Files\Microsoft SQL Server\Client SDK\ODBC\170\Tools\Binn\;C:\Program Files (x86)\Microsoft SQL Server\170\Tools\Binn\;C:\Program Files\Microsoft SQL Server\Client SDK\ODBC\180\Tools\Binn\;C:\Program Files\Microsoft SQL Server\170\DTS\Binn\;C:\Program Files\Docker\Docker\resources\bin;C:\Program Files\NVIDIA Corporation\NVIDIA App\NvDLISR;C:\Users\39392\AppData\Local\Microsoft\WindowsApps;C:\Users\39392\AppData\Local\spicetify;C:\Program Files\MySQL\MySQL Server 5.7\bin;C:\Users\39392\AppData\Local\Programs\Microsoft VS Code\bin;C:\Program Files (x86)\Nmap;C:\Users\39392\.dotnet\tools
USERNAME=39392
OS=Windows_NT
PROCESSOR_IDENTIFIER=AMD64 Family 23 Model 24 Stepping 1, AuthenticAMD



---------------  S Y S T E M  ---------------

OS: Windows 11 , 64 bit Build 22621 (10.0.22621.5415)

CPU:total 8 (initial active 8) (8 cores per cpu, 1 threads per core) family 23 model 24 stepping 1, cmov, cx8, fxsr, mmx, sse, sse2, sse3, ssse3, sse4.1, sse4.2, popcnt, avx, avx2, aes, clmul, mmxext, 3dnowpref, lzcnt, sse4a, tsc, tscinvbit, tscinv, bmi1

Memory: 4k page, physical 14615444k(3962296k free), swap 16712596k(3924k free)

vm_info: Java HotSpot(TM) 64-Bit Server VM (25.351-b10) for windows-amd64 JRE (1.8.0_351-b10), built on Sep 15 2022 02:58:06 by "java_re" with MS VC++ 15.9 (VS2017)

time: Thu Jul 16 12:52:26 2026
timezone: ora legale Europa occidentale
elapsed time: 0.149299 seconds (0d 0h 0m 0s)

