#
# There is insufficient memory for the Java Runtime Environment to continue.
# Native memory allocation (malloc) failed to allocate 1072560 bytes. Error detail: Chunk::new
# Possible reasons:
#   The system is out of physical RAM or swap space
#   This process is running with CompressedOops enabled, and the Java Heap may be blocking the growth of the native heap
# Possible solutions:
#   Reduce memory load on the system
#   Increase physical memory or swap space
#   Check if swap backing store is full
#   Decrease Java heap size (-Xmx/-Xms)
#   Decrease number of Java threads
#   Decrease Java thread stack sizes (-Xss)
#   Set larger code cache with -XX:ReservedCodeCacheSize=
#   JVM is running with Unscaled Compressed Oops mode in which the Java heap is
#     placed in the first 4GB address space. The Java Heap base address is the
#     maximum limit for the native heap growth. Please use -XX:HeapBaseMinAddress
#     to set the Java Heap base and to place the Java Heap above 4GB virtual address.
# This output file may be truncated or incomplete.
#
#  Out of Memory Error (arena.cpp:168), pid=23404, tid=4608
#
# JRE version: OpenJDK Runtime Environment Temurin-21.0.11+10 (21.0.11+10) (build 21.0.11+10-LTS)
# Java VM: OpenJDK 64-Bit Server VM Temurin-21.0.11+10 (21.0.11+10-LTS, mixed mode, sharing, tiered, compressed oops, compressed class ptrs, parallel gc, windows-amd64)
# No core dump will be written. Minidumps are not enabled by default on client versions of Windows
#

---------------  S U M M A R Y ------------

Command Line: --add-modules=ALL-SYSTEM --add-opens=java.base/java.util=ALL-UNNAMED --add-opens=java.base/java.lang=ALL-UNNAMED --add-opens=java.base/sun.nio.fs=ALL-UNNAMED -Declipse.application=org.eclipse.jdt.ls.core.id1 -Dosgi.bundles.defaultStartLevel=4 -Declipse.product=org.eclipse.jdt.ls.core.product -Djava.import.generatesMetadataFilesAtProjectRoot=false -DDetectVMInstallationsJob.disabled=true -Dfile.encoding=utf8 -XX:+UseParallelGC -XX:GCTimeRatio=4 -XX:AdaptiveSizePolicyWeight=90 -Dsun.zip.disableMemoryMapping=true -Xmx2G -Xms100m -Xlog:disable -javaagent:c:\Users\39392\.vscode\extensions\redhat.java-1.55.0-win32-x64\lombok\lombok-1.18.39-4050.jar -XX:+HeapDumpOnOutOfMemoryError -XX:HeapDumpPath=c:\Users\39392\AppData\Roaming\Code\User\workspaceStorage\67207be25582d3be6616654c83b4efa8\redhat.java -Daether.dependencyCollector.impl=bf c:\Users\39392\.vscode\extensions\redhat.java-1.55.0-win32-x64\server\plugins\org.eclipse.equinox.launcher_1.7.200.v20260619-2039.jar -configuration c:\Users\39392\AppData\Roaming\Code\User\globalStorage\redhat.java\1.55.0\config_win -data c:\Users\39392\AppData\Roaming\Code\User\workspaceStorage\67207be25582d3be6616654c83b4efa8\redhat.java\jdt_ws --pipe=\\.\pipe\lsp-df260f303a825f430fec432c4944ec02-sock

Host: AMD Ryzen 7 3750H with Radeon Vega Mobile Gfx  , 8 cores, 13G,  Windows 11 , 64 bit Build 22621 (10.0.22621.5415)
Time: Thu Jul 16 12:52:26 2026 ora legale Europa occidentale elapsed time: 7.442980 seconds (0d 0h 0m 7s)

---------------  T H R E A D  ---------------

Current thread (0x0000015b4230a4e0):  JavaThread "C2 CompilerThread0" daemon [_thread_in_native, id=4608, stack(0x0000005aa1f00000,0x0000005aa2000000) (1024K)]


Current CompileTask:
C2:7443 3079       4       java.lang.invoke.MethodType::makeImpl (109 bytes)

Stack: [0x0000005aa1f00000,0x0000005aa2000000]
Native frames: (J=compiled Java code, j=interpreted, Vv=VM code, C=native code)
V  [jvm.dll+0x6d7e19]
V  [jvm.dll+0x8b5096]
V  [jvm.dll+0x8b764e]
V  [jvm.dll+0x8b7d33]
V  [jvm.dll+0x284596]
V  [jvm.dll+0xc685d]
V  [jvm.dll+0xc6da1]
V  [jvm.dll+0x3bed6b]
V  [jvm.dll+0x1e3f42]
V  [jvm.dll+0x24c853]
V  [jvm.dll+0x24bce0]
V  [jvm.dll+0x1cb4ae]
V  [jvm.dll+0x25baad]
V  [jvm.dll+0x25a03a]
V  [jvm.dll+0x3f868e]
V  [jvm.dll+0x85fb0d]
V  [jvm.dll+0x6d664d]
C  [ucrtbase.dll+0x29333]
C  [KERNEL32.DLL+0x1259d]
C  [ntdll.dll+0x5af78]


---------------  P R O C E S S  ---------------

Threads class SMR info:
_java_thread_list=0x0000015b8a043a30, length=21, elements={
0x0000015b2b890730, 0x0000015b422fe210, 0x0000015b42301990, 0x0000015b423029e0,
0x0000015b423035a0, 0x0000015b42308f70, 0x0000015b423099d0, 0x0000015b4230a4e0,
0x0000015b84c099f0, 0x0000015b84deb2b0, 0x0000015b84f1a280, 0x0000015b896f54e0,
0x0000015b89a83220, 0x0000015b895d3810, 0x0000015b897c3200, 0x0000015b89ea9b10,
0x0000015b89e8a8c0, 0x0000015b89884660, 0x0000015b84ce3410, 0x0000015b84ce26f0,
0x0000015b89de1020
}

Java Threads: ( => current thread )
  0x0000015b2b890730 JavaThread "main"                              [_thread_blocked, id=21888, stack(0x0000005aa1500000,0x0000005aa1600000) (1024K)]
  0x0000015b422fe210 JavaThread "Reference Handler"          daemon [_thread_blocked, id=15076, stack(0x0000005aa1900000,0x0000005aa1a00000) (1024K)]
  0x0000015b42301990 JavaThread "Finalizer"                  daemon [_thread_blocked, id=21212, stack(0x0000005aa1a00000,0x0000005aa1b00000) (1024K)]
  0x0000015b423029e0 JavaThread "Signal Dispatcher"          daemon [_thread_blocked, id=19104, stack(0x0000005aa1b00000,0x0000005aa1c00000) (1024K)]
  0x0000015b423035a0 JavaThread "Attach Listener"            daemon [_thread_blocked, id=25960, stack(0x0000005aa1c00000,0x0000005aa1d00000) (1024K)]
  0x0000015b42308f70 JavaThread "Service Thread"             daemon [_thread_blocked, id=26516, stack(0x0000005aa1d00000,0x0000005aa1e00000) (1024K)]
  0x0000015b423099d0 JavaThread "Monitor Deflation Thread"   daemon [_thread_blocked, id=17868, stack(0x0000005aa1e00000,0x0000005aa1f00000) (1024K)]
=>0x0000015b4230a4e0 JavaThread "C2 CompilerThread0"         daemon [_thread_in_native, id=4608, stack(0x0000005aa1f00000,0x0000005aa2000000) (1024K)]
  0x0000015b84c099f0 JavaThread "C1 CompilerThread0"         daemon [_thread_blocked, id=12232, stack(0x0000005aa2000000,0x0000005aa2100000) (1024K)]
  0x0000015b84deb2b0 JavaThread "Common-Cleaner"             daemon [_thread_blocked, id=14348, stack(0x0000005aa2100000,0x0000005aa2200000) (1024K)]
  0x0000015b84f1a280 JavaThread "Notification Thread"        daemon [_thread_blocked, id=15592, stack(0x0000005aa2300000,0x0000005aa2400000) (1024K)]
  0x0000015b896f54e0 JavaThread "Active Thread: Equinox Container: 8fe22ffa-083c-449b-bf9a-863a95ebee62"        [_thread_blocked, id=24000, stack(0x0000005aa2b00000,0x0000005aa2c00000) (1024K)]
  0x0000015b89a83220 JavaThread "Refresh Thread: Equinox Container: 8fe22ffa-083c-449b-bf9a-863a95ebee62" daemon [_thread_blocked, id=1360, stack(0x0000005aa2d00000,0x0000005aa2e00000) (1024K)]
  0x0000015b895d3810 JavaThread "Framework Event Dispatcher: Equinox Container: 8fe22ffa-083c-449b-bf9a-863a95ebee62" daemon [_thread_blocked, id=10880, stack(0x0000005aa2e00000,0x0000005aa2f00000) (1024K)]
  0x0000015b897c3200 JavaThread "Start Level: Equinox Container: 8fe22ffa-083c-449b-bf9a-863a95ebee62" daemon [_thread_in_Java, id=14868, stack(0x0000005aa2f00000,0x0000005aa3000000) (1024K)]
  0x0000015b89ea9b10 JavaThread "Bundle File Closer"         daemon [_thread_blocked, id=25812, stack(0x0000005aa3000000,0x0000005aa3100000) (1024K)]
  0x0000015b89e8a8c0 JavaThread "SCR Component Actor"        daemon [_thread_blocked, id=6216, stack(0x0000005aa2200000,0x0000005aa2300000) (1024K)]
  0x0000015b89884660 JavaThread "Worker-JM"                         [_thread_blocked, id=12664, stack(0x0000005aa3100000,0x0000005aa3200000) (1024K)]
  0x0000015b84ce3410 JavaThread "Worker-0: Checking project encoding"        [_thread_blocked, id=13392, stack(0x0000005aa3200000,0x0000005aa3300000) (1024K)]
  0x0000015b84ce26f0 JavaThread "Worker-1"                          [_thread_blocked, id=1268, stack(0x0000005aa2400000,0x0000005aa2500000) (1024K)]
  0x0000015b89de1020 JavaThread "C2 CompilerThread1"         daemon [_thread_blocked, id=7188, stack(0x0000005aa3300000,0x0000005aa3400000) (1024K)]
Total: 21

Other Threads:
  0x0000015b2b930fb0 VMThread "VM Thread"                           [id=14684, stack(0x0000005aa1800000,0x0000005aa1900000) (1024K)]
  0x0000015b4220ca00 WatcherThread "VM Periodic Task Thread"        [id=13580, stack(0x0000005aa1700000,0x0000005aa1800000) (1024K)]
  0x0000015b2b8b2fa0 WorkerThread "GC Thread#0"                     [id=26556, stack(0x0000005aa1600000,0x0000005aa1700000) (1024K)]
  0x0000015b84eb0d50 WorkerThread "GC Thread#1"                     [id=22932, stack(0x0000005aa2500000,0x0000005aa2600000) (1024K)]
  0x0000015b84eb05f0 WorkerThread "GC Thread#2"                     [id=26316, stack(0x0000005aa2600000,0x0000005aa2700000) (1024K)]
  0x0000015b84eb14b0 WorkerThread "GC Thread#3"                     [id=16096, stack(0x0000005aa2700000,0x0000005aa2800000) (1024K)]
  0x0000015b84eafe90 WorkerThread "GC Thread#4"                     [id=26812, stack(0x0000005aa2800000,0x0000005aa2900000) (1024K)]
  0x0000015b84eafae0 WorkerThread "GC Thread#5"                     [id=24820, stack(0x0000005aa2900000,0x0000005aa2a00000) (1024K)]
  0x0000015b84eb0240 WorkerThread "GC Thread#6"                     [id=24936, stack(0x0000005aa2a00000,0x0000005aa2b00000) (1024K)]
  0x0000015b89749820 WorkerThread "GC Thread#7"                     [id=17660, stack(0x0000005aa2c00000,0x0000005aa2d00000) (1024K)]
Total: 10

Threads with active compile tasks:
C2 CompilerThread0  7468 3079       4       java.lang.invoke.MethodType::makeImpl (109 bytes)
C1 CompilerThread0  7468 3335       3       org.apache.felix.resolver.PackageSpaces::getPackageSources (71 bytes)
Total: 2

VM state: not at safepoint (normal execution)

VM Mutex/Monitor currently owned by a thread: None

Heap address: 0x0000000080000000, size: 2048 MB, Compressed Oops mode: 32-bit

CDS archive(s) mapped at: [0x0000015b43000000-0x0000015b43ba0000-0x0000015b43ba0000), size 12189696, SharedBaseAddress: 0x0000015b43000000, ArchiveRelocationMode: 1.
Compressed class space mapped at: 0x0000015b44000000-0x0000015b84000000, reserved size: 1073741824
Narrow klass base: 0x0000015b43000000, Narrow klass shift: 0, Narrow klass range: 0x100000000

GC Precious Log:
 CardTable entry size: 512
 CPUs: 8 total, 8 available
 Memory: 14272M
 Large Page Support: Disabled
 NUMA Support: Disabled
 Compressed Oops: Enabled (32-bit)
 Alignments: Space 512K, Generation 512K, Heap 2M
 Heap Min Capacity: 100M
 Heap Initial Capacity: 100M
 Heap Max Capacity: 2G
 Pre-touch: Disabled
 Parallel Workers: 8

Heap:
 PSYoungGen      total 29184K, used 20179K [0x00000000d5580000, 0x00000000d7900000, 0x0000000100000000)
  eden space 25088K, 64% used [0x00000000d5580000,0x00000000d65387f0,0x00000000d6e00000)
  from space 4096K, 99% used [0x00000000d6e80000,0x00000000d727c708,0x00000000d7280000)
  to   space 5632K, 0% used [0x00000000d7380000,0x00000000d7380000,0x00000000d7900000)
 ParOldGen       total 68608K, used 7834K [0x0000000080000000, 0x0000000084300000, 0x00000000d5580000)
  object space 68608K, 11% used [0x0000000080000000,0x00000000807a6948,0x0000000084300000)
 Metaspace       used 17324K, committed 18112K, reserved 1114112K
  class space    used 1824K, committed 2112K, reserved 1048576K

Card table byte_map: [0x0000015b2b250000,0x0000015b2b660000] _byte_map_base: 0x0000015b2ae50000

Marking Bits: (ParMarkBitMap*) 0x00007ff999bd4460
 Begin Bits: [0x0000015b3dd30000, 0x0000015b3fd30000)
 End Bits:   [0x0000015b3fd30000, 0x0000015b41d30000)

Polling page: 0x0000015b2b040000

Metaspace:

Usage:
  Non-class:     15.14 MB used.
      Class:      1.78 MB used.
       Both:     16.92 MB used.

Virtual space:
  Non-class space:       64.00 MB reserved,      15.62 MB ( 24%) committed,  1 nodes.
      Class space:        1.00 GB reserved,       2.06 MB ( <1%) committed,  1 nodes.
             Both:        1.06 GB reserved,      17.69 MB (  2%) committed. 

Chunk freelists:
   Non-Class:  176.00 KB
       Class:  13.75 MB
        Both:  13.92 MB

MaxMetaspaceSize: unlimited
CompressedClassSpaceSize: 1.00 GB
Initial GC threshold: 21.00 MB
Current GC threshold: 21.00 MB
CDS: on
 - commit_granule_bytes: 65536.
 - commit_granule_words: 8192.
 - virtual_space_node_default_size: 8388608.
 - enlarge_chunks_in_place: 1.
 - use_allocation_guard: 0.


Internal statistics:

num_allocs_failed_limit: 0.
num_arena_births: 506.
num_arena_deaths: 0.
num_vsnodes_births: 2.
num_vsnodes_deaths: 0.
num_space_committed: 283.
num_space_uncommitted: 0.
num_chunks_returned_to_freelist: 0.
num_chunks_taken_from_freelist: 1125.
num_chunk_merges: 0.
num_chunk_splits: 729.
num_chunks_enlarged: 475.
num_inconsistent_stats: 0.

CodeHeap 'non-profiled nmethods': size=120000Kb used=1434Kb max_used=1434Kb free=118565Kb
 bounds [0x0000015b36550000, 0x0000015b367c0000, 0x0000015b3da80000]
CodeHeap 'profiled nmethods': size=120000Kb used=6801Kb max_used=6801Kb free=113198Kb
 bounds [0x0000015b2ea80000, 0x0000015b2f130000, 0x0000015b35fb0000]
CodeHeap 'non-nmethods': size=5760Kb used=1265Kb max_used=1281Kb free=4494Kb
 bounds [0x0000015b35fb0000, 0x0000015b36220000, 0x0000015b36550000]
CodeCache: size=245760Kb, used=9500Kb, max_used=9516Kb, free=236257Kb
 total_blobs=3873, nmethods=3332, adapters=447, full_count=0
Compilation: enabled, stopped_count=0, restarted_count=0

Compilation events (20 events):
Event: 7.437 Thread 0x0000015b84c099f0 nmethod 3286 0x0000015b2f107410 code [0x0000015b2f1075c0, 0x0000015b2f107840]
Event: 7.437 Thread 0x0000015b84c099f0 3302       3       org.objectweb.asm.SymbolTable::addConstantMethodref (24 bytes)
Event: 7.437 Thread 0x0000015b84c099f0 nmethod 3302 0x0000015b2f107990 code [0x0000015b2f107b40, 0x0000015b2f107ce0]
Event: 7.437 Thread 0x0000015b84c099f0 3289       3       org.objectweb.asm.tree.MethodNode::visitInsn (16 bytes)
Event: 7.437 Thread 0x0000015b84c099f0 nmethod 3289 0x0000015b2f107d90 code [0x0000015b2f107f60, 0x0000015b2f108240]
Event: 7.437 Thread 0x0000015b84c099f0 3290       3       org.objectweb.asm.tree.InsnNode::<init> (6 bytes)
Event: 7.437 Thread 0x0000015b84c099f0 nmethod 3290 0x0000015b2f108390 code [0x0000015b2f108540, 0x0000015b2f108710]
Event: 7.437 Thread 0x0000015b84c099f0 3291       3       org.objectweb.asm.tree.InsnNode::accept (14 bytes)
Event: 7.437 Thread 0x0000015b84c099f0 nmethod 3291 0x0000015b2f108810 code [0x0000015b2f1089c0, 0x0000015b2f108bf0]
Event: 7.437 Thread 0x0000015b84c099f0 3294       3       org.objectweb.asm.MethodVisitor::visitInsn (16 bytes)
Event: 7.438 Thread 0x0000015b84c099f0 nmethod 3294 0x0000015b2f108d10 code [0x0000015b2f108ec0, 0x0000015b2f1090c8]
Event: 7.438 Thread 0x0000015b84c099f0 3295       3       org.objectweb.asm.MethodWriter::visitInsn (115 bytes)
Event: 7.438 Thread 0x0000015b84c099f0 nmethod 3295 0x0000015b2f109190 code [0x0000015b2f109380, 0x0000015b2f1097d0]
Event: 7.438 Thread 0x0000015b84c099f0 3297       3       org.objectweb.asm.tree.MethodNode::visitLocalVariable (40 bytes)
Event: 7.439 Thread 0x0000015b84c099f0 nmethod 3297 0x0000015b2f109990 code [0x0000015b2f109be0, 0x0000015b2f10a970]
Event: 7.439 Thread 0x0000015b84c099f0 3305       3       org.objectweb.asm.tree.LocalVariableNode::accept (35 bytes)
Event: 7.439 Thread 0x0000015b84c099f0 nmethod 3305 0x0000015b2f10ad90 code [0x0000015b2f10af80, 0x0000015b2f10b558]
Event: 7.440 Thread 0x0000015b84c099f0 3306       3       org.objectweb.asm.commons.LocalVariablesSorter::visitLocalVariable (26 bytes)
Event: 7.440 Thread 0x0000015b84c099f0 nmethod 3306 0x0000015b2f10b790 code [0x0000015b2f10b980, 0x0000015b2f10bd20]
Event: 7.440 Thread 0x0000015b84c099f0 3298       3       org.objectweb.asm.tree.LocalVariableNode::<init> (38 bytes)

GC Heap History (10 events):
Event: 1.482 GC heap before
{Heap before GC invocations=1 (full 0):
 PSYoungGen      total 29696K, used 25600K [0x00000000d5580000, 0x00000000d7680000, 0x0000000100000000)
  eden space 25600K, 100% used [0x00000000d5580000,0x00000000d6e80000,0x00000000d6e80000)
  from space 4096K, 0% used [0x00000000d7280000,0x00000000d7280000,0x00000000d7680000)
  to   space 4096K, 0% used [0x00000000d6e80000,0x00000000d6e80000,0x00000000d7280000)
 ParOldGen       total 68608K, used 0K [0x0000000080000000, 0x0000000084300000, 0x00000000d5580000)
  object space 68608K, 0% used [0x0000000080000000,0x0000000080000000,0x0000000084300000)
 Metaspace       used 4378K, committed 4608K, reserved 1114112K
  class space    used 475K, committed 576K, reserved 1048576K
}
Event: 1.492 GC heap after
{Heap after GC invocations=1 (full 0):
 PSYoungGen      total 29696K, used 3296K [0x00000000d5580000, 0x00000000d7680000, 0x0000000100000000)
  eden space 25600K, 0% used [0x00000000d5580000,0x00000000d5580000,0x00000000d6e80000)
  from space 4096K, 80% used [0x00000000d6e80000,0x00000000d71b8158,0x00000000d7280000)
  to   space 4096K, 0% used [0x00000000d7280000,0x00000000d7280000,0x00000000d7680000)
 ParOldGen       total 68608K, used 16K [0x0000000080000000, 0x0000000084300000, 0x00000000d5580000)
  object space 68608K, 0% used [0x0000000080000000,0x0000000080004000,0x0000000084300000)
 Metaspace       used 4378K, committed 4608K, reserved 1114112K
  class space    used 475K, committed 576K, reserved 1048576K
}
Event: 2.674 GC heap before
{Heap before GC invocations=2 (full 0):
 PSYoungGen      total 29696K, used 28896K [0x00000000d5580000, 0x00000000d7680000, 0x0000000100000000)
  eden space 25600K, 100% used [0x00000000d5580000,0x00000000d6e80000,0x00000000d6e80000)
  from space 4096K, 80% used [0x00000000d6e80000,0x00000000d71b8158,0x00000000d7280000)
  to   space 4096K, 0% used [0x00000000d7280000,0x00000000d7280000,0x00000000d7680000)
 ParOldGen       total 68608K, used 16K [0x0000000080000000, 0x0000000084300000, 0x00000000d5580000)
  object space 68608K, 0% used [0x0000000080000000,0x0000000080004000,0x0000000084300000)
 Metaspace       used 8020K, committed 8320K, reserved 1114112K
  class space    used 834K, committed 960K, reserved 1048576K
}
Event: 2.682 GC heap after
{Heap after GC invocations=2 (full 0):
 PSYoungGen      total 29696K, used 4086K [0x00000000d5580000, 0x00000000d7680000, 0x0000000100000000)
  eden space 25600K, 0% used [0x00000000d5580000,0x00000000d5580000,0x00000000d6e80000)
  from space 4096K, 99% used [0x00000000d7280000,0x00000000d767d810,0x00000000d7680000)
  to   space 4096K, 0% used [0x00000000d6e80000,0x00000000d6e80000,0x00000000d7280000)
 ParOldGen       total 68608K, used 2001K [0x0000000080000000, 0x0000000084300000, 0x00000000d5580000)
  object space 68608K, 2% used [0x0000000080000000,0x00000000801f46a8,0x0000000084300000)
 Metaspace       used 8020K, committed 8320K, reserved 1114112K
  class space    used 834K, committed 960K, reserved 1048576K
}
Event: 3.185 GC heap before
{Heap before GC invocations=3 (full 0):
 PSYoungGen      total 29696K, used 29686K [0x00000000d5580000, 0x00000000d7680000, 0x0000000100000000)
  eden space 25600K, 100% used [0x00000000d5580000,0x00000000d6e80000,0x00000000d6e80000)
  from space 4096K, 99% used [0x00000000d7280000,0x00000000d767d810,0x00000000d7680000)
  to   space 4096K, 0% used [0x00000000d6e80000,0x00000000d6e80000,0x00000000d7280000)
 ParOldGen       total 68608K, used 2001K [0x0000000080000000, 0x0000000084300000, 0x00000000d5580000)
  object space 68608K, 2% used [0x0000000080000000,0x00000000801f46a8,0x0000000084300000)
 Metaspace       used 9519K, committed 9856K, reserved 1114112K
  class space    used 1016K, committed 1152K, reserved 1048576K
}
Event: 3.194 GC heap after
{Heap after GC invocations=3 (full 0):
 PSYoungGen      total 29696K, used 4069K [0x00000000d5580000, 0x00000000d7680000, 0x0000000100000000)
  eden space 25600K, 0% used [0x00000000d5580000,0x00000000d5580000,0x00000000d6e80000)
  from space 4096K, 99% used [0x00000000d6e80000,0x00000000d72795a8,0x00000000d7280000)
  to   space 4096K, 0% used [0x00000000d7280000,0x00000000d7280000,0x00000000d7680000)
 ParOldGen       total 68608K, used 5194K [0x0000000080000000, 0x0000000084300000, 0x00000000d5580000)
  object space 68608K, 7% used [0x0000000080000000,0x0000000080512a88,0x0000000084300000)
 Metaspace       used 9519K, committed 9856K, reserved 1114112K
  class space    used 1016K, committed 1152K, reserved 1048576K
}
Event: 5.837 GC heap before
{Heap before GC invocations=4 (full 0):
 PSYoungGen      total 29696K, used 29669K [0x00000000d5580000, 0x00000000d7680000, 0x0000000100000000)
  eden space 25600K, 100% used [0x00000000d5580000,0x00000000d6e80000,0x00000000d6e80000)
  from space 4096K, 99% used [0x00000000d6e80000,0x00000000d72795a8,0x00000000d7280000)
  to   space 4096K, 0% used [0x00000000d7280000,0x00000000d7280000,0x00000000d7680000)
 ParOldGen       total 68608K, used 5194K [0x0000000080000000, 0x0000000084300000, 0x00000000d5580000)
  object space 68608K, 7% used [0x0000000080000000,0x0000000080512a88,0x0000000084300000)
 Metaspace       used 11718K, committed 12096K, reserved 1114112K
  class space    used 1241K, committed 1408K, reserved 1048576K
}
Event: 5.845 GC heap after
{Heap after GC invocations=4 (full 0):
 PSYoungGen      total 29696K, used 4077K [0x00000000d5580000, 0x00000000d7680000, 0x0000000100000000)
  eden space 25600K, 0% used [0x00000000d5580000,0x00000000d5580000,0x00000000d6e80000)
  from space 4096K, 99% used [0x00000000d7280000,0x00000000d767b4d0,0x00000000d7680000)
  to   space 4096K, 0% used [0x00000000d6e80000,0x00000000d6e80000,0x00000000d7280000)
 ParOldGen       total 68608K, used 6802K [0x0000000080000000, 0x0000000084300000, 0x00000000d5580000)
  object space 68608K, 9% used [0x0000000080000000,0x00000000806a4948,0x0000000084300000)
 Metaspace       used 11718K, committed 12096K, reserved 1114112K
  class space    used 1241K, committed 1408K, reserved 1048576K
}
Event: 7.042 GC heap before
{Heap before GC invocations=5 (full 0):
 PSYoungGen      total 29696K, used 29666K [0x00000000d5580000, 0x00000000d7680000, 0x0000000100000000)
  eden space 25600K, 99% used [0x00000000d5580000,0x00000000d6e7d430,0x00000000d6e80000)
  from space 4096K, 99% used [0x00000000d7280000,0x00000000d767b4d0,0x00000000d7680000)
  to   space 4096K, 0% used [0x00000000d6e80000,0x00000000d6e80000,0x00000000d7280000)
 ParOldGen       total 68608K, used 6802K [0x0000000080000000, 0x0000000084300000, 0x00000000d5580000)
  object space 68608K, 9% used [0x0000000080000000,0x00000000806a4948,0x0000000084300000)
 Metaspace       used 15733K, committed 16320K, reserved 1114112K
  class space    used 1644K, committed 1856K, reserved 1048576K
}
Event: 7.047 GC heap after
{Heap after GC invocations=5 (full 0):
 PSYoungGen      total 29184K, used 4081K [0x00000000d5580000, 0x00000000d7900000, 0x0000000100000000)
  eden space 25088K, 0% used [0x00000000d5580000,0x00000000d5580000,0x00000000d6e00000)
  from space 4096K, 99% used [0x00000000d6e80000,0x00000000d727c708,0x00000000d7280000)
  to   space 5632K, 0% used [0x00000000d7380000,0x00000000d7380000,0x00000000d7900000)
 ParOldGen       total 68608K, used 7834K [0x0000000080000000, 0x0000000084300000, 0x00000000d5580000)
  object space 68608K, 11% used [0x0000000080000000,0x00000000807a6948,0x0000000084300000)
 Metaspace       used 15733K, committed 16320K, reserved 1114112K
  class space    used 1644K, committed 1856K, reserved 1048576K
}

Dll operation events (11 events):
Event: 0.028 Loaded shared library c:\Users\39392\.vscode\extensions\redhat.java-1.55.0-win32-x64\jre\21.0.11-win32-x86_64\bin\java.dll
Event: 0.210 Loaded shared library c:\Users\39392\.vscode\extensions\redhat.java-1.55.0-win32-x64\jre\21.0.11-win32-x86_64\bin\zip.dll
Event: 0.263 Loaded shared library C:\Users\39392\.vscode\extensions\redhat.java-1.55.0-win32-x64\jre\21.0.11-win32-x86_64\bin\instrument.dll
Event: 0.280 Loaded shared library C:\Users\39392\.vscode\extensions\redhat.java-1.55.0-win32-x64\jre\21.0.11-win32-x86_64\bin\net.dll
Event: 0.297 Loaded shared library C:\Users\39392\.vscode\extensions\redhat.java-1.55.0-win32-x64\jre\21.0.11-win32-x86_64\bin\nio.dll
Event: 0.304 Loaded shared library C:\Users\39392\.vscode\extensions\redhat.java-1.55.0-win32-x64\jre\21.0.11-win32-x86_64\bin\zip.dll
Event: 0.368 Loaded shared library C:\Users\39392\.vscode\extensions\redhat.java-1.55.0-win32-x64\jre\21.0.11-win32-x86_64\bin\jimage.dll
Event: 0.576 Loaded shared library c:\Users\39392\.vscode\extensions\redhat.java-1.55.0-win32-x64\jre\21.0.11-win32-x86_64\bin\verify.dll
Event: 2.693 Loaded shared library C:\Users\39392\AppData\Roaming\Code\User\globalStorage\redhat.java\1.55.0\config_win\org.eclipse.equinox.launcher\org.eclipse.equinox.launcher.win32.win32.x86_64_1.3.100.v20260613-0559\eclipse_11924.dll
Event: 6.882 Loaded shared library C:\Users\39392\.vscode\extensions\redhat.java-1.55.0-win32-x64\jre\21.0.11-win32-x86_64\bin\management.dll
Event: 6.887 Loaded shared library C:\Users\39392\.vscode\extensions\redhat.java-1.55.0-win32-x64\jre\21.0.11-win32-x86_64\bin\management_ext.dll

Deoptimization events (20 events):
Event: 6.924 Thread 0x0000015b897c3200 Uncommon trap: trap_request=0xffffff45 fr.pc=0x0000015b3664e6d4 relative=0x0000000000001234
Event: 6.924 Thread 0x0000015b897c3200 Uncommon trap: reason=unstable_if action=reinterpret pc=0x0000015b3664e6d4 method=java.util.Properties.loadConvert([CIILjava/lang/StringBuilder;)Ljava/lang/String; @ 491 c2
Event: 6.924 Thread 0x0000015b897c3200 DEOPT PACKING pc=0x0000015b3664e6d4 sp=0x0000005aa2ff7c60
Event: 6.924 Thread 0x0000015b897c3200 DEOPT UNPACKING pc=0x0000015b36003aa2 sp=0x0000005aa2ff7c50 mode 2
Event: 6.978 Thread 0x0000015b897c3200 Uncommon trap: trap_request=0xffffff45 fr.pc=0x0000015b365efc54 relative=0x00000000000000b4
Event: 6.978 Thread 0x0000015b897c3200 Uncommon trap: reason=unstable_if action=reinterpret pc=0x0000015b365efc54 method=org.eclipse.osgi.container.ModuleRevisionBuilder.unmodifiableMap(Ljava/util/Map;)Ljava/util/Map; @ 27 c2
Event: 6.978 Thread 0x0000015b897c3200 DEOPT PACKING pc=0x0000015b365efc54 sp=0x0000005aa2ff9a50
Event: 6.978 Thread 0x0000015b897c3200 DEOPT UNPACKING pc=0x0000015b36003aa2 sp=0x0000005aa2ff99d0 mode 2
Event: 7.098 Thread 0x0000015b84ce3410 Uncommon trap: trap_request=0xffffff45 fr.pc=0x0000015b36642ae0 relative=0x00000000000000c0
Event: 7.098 Thread 0x0000015b84ce3410 Uncommon trap: reason=unstable_if action=reinterpret pc=0x0000015b36642ae0 method=java.util.concurrent.locks.ReentrantLock$NonfairSync.initialTryLock()Z @ 25 c2
Event: 7.098 Thread 0x0000015b84ce3410 DEOPT PACKING pc=0x0000015b36642ae0 sp=0x0000005aa32fe160
Event: 7.098 Thread 0x0000015b84ce3410 DEOPT UNPACKING pc=0x0000015b36003aa2 sp=0x0000005aa32fe0e0 mode 2
Event: 7.148 Thread 0x0000015b897c3200 Uncommon trap: trap_request=0xffffff45 fr.pc=0x0000015b3666d610 relative=0x0000000000000070
Event: 7.148 Thread 0x0000015b897c3200 Uncommon trap: reason=unstable_if action=reinterpret pc=0x0000015b3666d610 method=java.lang.ref.ReferenceQueue.poll()Ljava/lang/ref/Reference; @ 4 c2
Event: 7.148 Thread 0x0000015b897c3200 DEOPT PACKING pc=0x0000015b3666d610 sp=0x0000005aa2ff32e0
Event: 7.148 Thread 0x0000015b897c3200 DEOPT UNPACKING pc=0x0000015b36003aa2 sp=0x0000005aa2ff3268 mode 2
Event: 7.365 Thread 0x0000015b897c3200 Uncommon trap: trap_request=0xffffff45 fr.pc=0x0000015b36680ec4 relative=0x00000000000000a4
Event: 7.365 Thread 0x0000015b897c3200 Uncommon trap: reason=unstable_if action=reinterpret pc=0x0000015b36680ec4 method=java.lang.ref.ReferenceQueue.poll()Ljava/lang/ref/Reference; @ 4 c2
Event: 7.365 Thread 0x0000015b897c3200 DEOPT PACKING pc=0x0000015b36680ec4 sp=0x0000005aa2ff3ad0
Event: 7.365 Thread 0x0000015b897c3200 DEOPT UNPACKING pc=0x0000015b36003aa2 sp=0x0000005aa2ff39b8 mode 2

Classes loaded (20 events):
Event: 7.060 Loading class java/lang/ThreadDeath
Event: 7.061 Loading class java/lang/ThreadDeath done
Event: 7.073 Loading class java/util/stream/SortedOps$SizedRefSortingSink
Event: 7.074 Loading class java/util/stream/SortedOps$SizedRefSortingSink done
Event: 7.125 Loading class java/util/concurrent/atomic/Striped64$1
Event: 7.125 Loading class java/util/concurrent/atomic/Striped64$1 done
Event: 7.204 Loading class java/util/BitSet
Event: 7.204 Loading class java/util/BitSet done
Event: 7.213 Loading class sun/net/www/protocol/jrt/JavaRuntimeURLConnection
Event: 7.213 Loading class sun/net/www/protocol/jrt/JavaRuntimeURLConnection done
Event: 7.214 Loading class sun/net/www/protocol/jrt/JavaRuntimeURLConnection$1
Event: 7.214 Loading class sun/net/www/protocol/jrt/JavaRuntimeURLConnection$1 done
Event: 7.241 Loading class java/util/function/UnaryOperator
Event: 7.241 Loading class java/util/function/UnaryOperator done
Event: 7.243 Loading class java/util/ServiceConfigurationError
Event: 7.243 Loading class java/util/ServiceConfigurationError done
Event: 7.265 Loading class java/lang/InheritableThreadLocal
Event: 7.266 Loading class java/lang/InheritableThreadLocal done
Event: 7.346 Loading class java/security/AccessControlException
Event: 7.346 Loading class java/security/AccessControlException done

Classes unloaded (0 events):
No events

Classes redefined (0 events):
No events

Internal exceptions (20 events):
Event: 6.815 Thread 0x0000015b897c3200 Exception <a 'java/lang/NoSuchMethodError'{0x00000000d67719e0}: 'java.lang.Object java.lang.invoke.DirectMethodHandle$Holder.invokeVirtual(java.lang.Object, java.lang.Object, java.lang.Object)'> (0x00000000d67719e0) 
thrown [s\src\hotspot\share\interpreter\linkResolver.cpp, line 773]
Event: 6.819 Thread 0x0000015b897c3200 Exception <a 'java/lang/NoSuchMethodError'{0x00000000d6789d78}: 'java.lang.Object java.lang.invoke.DelegatingMethodHandle$Holder.reinvoke_L(java.lang.Object, java.lang.Object, java.lang.Object, java.lang.Object, int, int)'> (0x00000000d6789d78) 
thrown [s\src\hotspot\share\interpreter\linkResolver.cpp, line 773]
Event: 6.823 Thread 0x0000015b897c3200 Exception <a 'java/lang/NoSuchMethodError'{0x00000000d67a6c50}: 'java.lang.Object java.lang.invoke.DirectMethodHandle$Holder.newInvokeSpecial(java.lang.Object, java.lang.Object, java.lang.Object, java.lang.Object, java.lang.Object, java.lang.Object)'> (0x00000000d67a6c50) 
thrown [s\src\hotspot\share\interpreter\linkResolver.cpp, line 773]
Event: 6.828 Thread 0x0000015b897c3200 Exception <a 'java/lang/NoSuchMethodError'{0x00000000d67d3078}: 'void java.lang.invoke.Invokers$Holder.invokeExact_MT(java.lang.Object, java.lang.Object, java.lang.Object, java.lang.Object)'> (0x00000000d67d3078) 
thrown [s\src\hotspot\share\interpreter\linkResolver.cpp, line 773]
Event: 6.872 Thread 0x0000015b897c3200 Exception <a 'java/io/FileNotFoundException'{0x00000000d6909600}> (0x00000000d6909600) 
thrown [s\src\hotspot\share\prims\jni.cpp, line 520]
Event: 6.876 Thread 0x0000015b897c3200 Exception <a 'java/io/FileNotFoundException'{0x00000000d6927828}> (0x00000000d6927828) 
thrown [s\src\hotspot\share\prims\jni.cpp, line 520]
Event: 6.878 Thread 0x0000015b897c3200 Exception <a 'java/io/FileNotFoundException'{0x00000000d692f2f0}> (0x00000000d692f2f0) 
thrown [s\src\hotspot\share\prims\jni.cpp, line 520]
Event: 7.025 Thread 0x0000015b897c3200 Exception <a 'java/lang/NoSuchMethodError'{0x00000000d6df5680}: 'java.lang.Object java.lang.invoke.DirectMethodHandle$Holder.newInvokeSpecial(java.lang.Object, java.lang.Object, java.lang.Object, java.lang.Object, java.lang.Object)'> (0x00000000d6df5680) 
thrown [s\src\hotspot\share\interpreter\linkResolver.cpp, line 773]
Event: 7.057 Thread 0x0000015b897c3200 Exception <a 'java/lang/NoSuchMethodError'{0x00000000d55f8448}: 'java.lang.Object java.lang.invoke.DirectMethodHandle$Holder.invokeSpecial(java.lang.Object, java.lang.Object, java.lang.Object, long, java.lang.Object)'> (0x00000000d55f8448) 
thrown [s\src\hotspot\share\interpreter\linkResolver.cpp, line 773]
Event: 7.058 Thread 0x0000015b897c3200 Exception <a 'java/lang/NoSuchMethodError'{0x00000000d55ffc90}: 'java.lang.Object java.lang.invoke.DirectMethodHandle$Holder.newInvokeSpecial(java.lang.Object, java.lang.Object, java.lang.Object, long)'> (0x00000000d55ffc90) 
thrown [s\src\hotspot\share\interpreter\linkResolver.cpp, line 773]
Event: 7.058 Thread 0x0000015b897c3200 Exception <a 'java/lang/NoSuchMethodError'{0x00000000d5604040}: 'java.lang.Object java.lang.invoke.DirectMethodHandle$Holder.invokeSpecial(java.lang.Object, java.lang.Object, java.lang.Object, java.lang.Object, long)'> (0x00000000d5604040) 
thrown [s\src\hotspot\share\interpreter\linkResolver.cpp, line 773]
Event: 7.058 Thread 0x0000015b897c3200 Exception <a 'java/lang/NoSuchMethodError'{0x00000000d5607c60}: 'java.lang.Object java.lang.invoke.Invokers$Holder.linkToTargetMethod(java.lang.Object, java.lang.Object, long, java.lang.Object)'> (0x00000000d5607c60) 
thrown [s\src\hotspot\share\interpreter\linkResolver.cpp, line 773]
Event: 7.089 Thread 0x0000015b897c3200 Exception <a 'java/lang/IncompatibleClassChangeError'{0x00000000d576c998}: Found class java.lang.Object, but interface was expected> (0x00000000d576c998) 
thrown [s\src\hotspot\share\interpreter\linkResolver.cpp, line 840]
Event: 7.090 Thread 0x0000015b897c3200 Exception <a 'java/lang/NoSuchMethodError'{0x00000000d57704a8}: 'java.lang.Object java.lang.invoke.DirectMethodHandle$Holder.invokeSpecial(java.lang.Object, java.lang.Object, java.lang.Object, int, java.lang.Object, java.lang.Object)'> (0x00000000d57704a8) 
thrown [s\src\hotspot\share\interpreter\linkResolver.cpp, line 773]
Event: 7.091 Thread 0x0000015b897c3200 Exception <a 'java/lang/NoSuchMethodError'{0x00000000d5777ec0}: 'java.lang.Object java.lang.invoke.DirectMethodHandle$Holder.newInvokeSpecial(java.lang.Object, java.lang.Object, java.lang.Object, int, java.lang.Object)'> (0x00000000d5777ec0) 
thrown [s\src\hotspot\share\interpreter\linkResolver.cpp, line 773]
Event: 7.092 Thread 0x0000015b897c3200 Exception <a 'java/lang/NoSuchMethodError'{0x00000000d577be40}: 'java.lang.Object java.lang.invoke.DirectMethodHandle$Holder.invokeSpecial(java.lang.Object, java.lang.Object, java.lang.Object, java.lang.Object, int, java.lang.Object)'> (0x00000000d577be40) 
thrown [s\src\hotspot\share\interpreter\linkResolver.cpp, line 773]
Event: 7.093 Thread 0x0000015b897c3200 Exception <a 'java/lang/NoSuchMethodError'{0x00000000d577f980}: 'java.lang.Object java.lang.invoke.Invokers$Holder.linkToTargetMethod(java.lang.Object, java.lang.Object, int, java.lang.Object, java.lang.Object)'> (0x00000000d577f980) 
thrown [s\src\hotspot\share\interpreter\linkResolver.cpp, line 773]
Event: 7.095 Thread 0x0000015b84ce3410 Exception <a 'java/lang/NoSuchMethodError'{0x00000000d5651990}: 'java.lang.Object java.lang.invoke.DirectMethodHandle$Holder.invokeSpecial(java.lang.Object, java.lang.Object, int, java.lang.Object, java.lang.Object)'> (0x00000000d5651990) 
thrown [s\src\hotspot\share\interpreter\linkResolver.cpp, line 773]
Event: 7.129 Thread 0x0000015b897c3200 Exception <a 'java/lang/NoSuchMethodError'{0x00000000d58afd60}: 'void java.lang.invoke.DirectMethodHandle$Holder.invokeSpecial(java.lang.Object, java.lang.Object, java.lang.Object, java.lang.Object, java.lang.Object)'> (0x00000000d58afd60) 
thrown [s\src\hotspot\share\interpreter\linkResolver.cpp, line 773]
Event: 7.358 Thread 0x0000015b897c3200 Exception <a 'java/lang/NoSuchMethodError'{0x00000000d6068ae0}: 'java.lang.Object java.lang.invoke.DirectMethodHandle$Holder.invokeInterface(java.lang.Object, java.lang.Object, java.lang.Object)'> (0x00000000d6068ae0) 
thrown [s\src\hotspot\share\interpreter\linkResolver.cpp, line 773]

ZGC Phase Switch (0 events):
No events

VM Operations (20 events):
Event: 4.566 Executing safepoint VM operation: Cleanup
Event: 4.566 Executing safepoint VM operation: Cleanup done
Event: 5.576 Executing safepoint VM operation: Cleanup
Event: 5.591 Executing safepoint VM operation: Cleanup done
Event: 5.770 Executing non-safepoint VM operation: HandshakeAllThreads (Deoptimize)
Event: 5.771 Executing non-safepoint VM operation: HandshakeAllThreads (Deoptimize) done
Event: 5.837 Executing safepoint VM operation: ParallelGCFailedAllocation (Allocation Failure)
Event: 5.845 Executing safepoint VM operation: ParallelGCFailedAllocation (Allocation Failure) done
Event: 6.850 Executing safepoint VM operation: Cleanup
Event: 6.851 Executing safepoint VM operation: Cleanup done
Event: 6.983 Executing non-safepoint VM operation: HandshakeAllThreads (Deoptimize)
Event: 6.983 Executing non-safepoint VM operation: HandshakeAllThreads (Deoptimize) done
Event: 7.041 Executing safepoint VM operation: ParallelGCFailedAllocation (Allocation Failure)
Event: 7.047 Executing safepoint VM operation: ParallelGCFailedAllocation (Allocation Failure) done
Event: 7.215 Executing non-safepoint VM operation: HandshakeAllThreads (Deoptimize)
Event: 7.215 Executing non-safepoint VM operation: HandshakeAllThreads (Deoptimize) done
Event: 7.273 Executing non-safepoint VM operation: HandshakeAllThreads (Deoptimize)
Event: 7.273 Executing non-safepoint VM operation: HandshakeAllThreads (Deoptimize) done
Event: 7.284 Executing non-safepoint VM operation: HandshakeAllThreads (Deoptimize)
Event: 7.284 Executing non-safepoint VM operation: HandshakeAllThreads (Deoptimize) done

Memory protections (0 events):
No events

Nmethod flushes (0 events):
No events

Events (20 events):
Event: 2.308 Thread 0x0000015b2b890730 Thread added: 0x0000015b896f54e0
Event: 2.686 Thread 0x0000015b2b890730 Thread added: 0x0000015b89a83220
Event: 2.737 Thread 0x0000015b89a83220 Thread added: 0x0000015b895d3810
Event: 2.746 Thread 0x0000015b2b890730 Thread added: 0x0000015b897c3200
Event: 2.774 Thread 0x0000015b89763e30 Thread exited: 0x0000015b89763e30
Event: 2.799 Thread 0x0000015b897e2100 Thread exited: 0x0000015b897e2100
Event: 2.979 Thread 0x0000015b84c099f0 Thread added: 0x0000015b899e96d0
Event: 2.983 Thread 0x0000015b84c099f0 Thread added: 0x0000015b8996e140
Event: 3.303 Thread 0x0000015b897c3200 Thread added: 0x0000015b89ea9b10
Event: 3.687 Thread 0x0000015b8996e140 Thread exited: 0x0000015b8996e140
Event: 3.688 Thread 0x0000015b899e96d0 Thread exited: 0x0000015b899e96d0
Event: 5.447 Thread 0x0000015b897c3200 Thread added: 0x0000015b89e8a8c0
Event: 6.072 Thread 0x0000015b4230a4e0 Thread added: 0x0000015b89de1020
Event: 6.072 Thread 0x0000015b4230a4e0 Thread added: 0x0000015b8a116080
Event: 6.384 Thread 0x0000015b8a116080 Thread exited: 0x0000015b8a116080
Event: 6.641 Thread 0x0000015b897c3200 Thread added: 0x0000015b89884660
Event: 7.066 Thread 0x0000015b897c3200 Thread added: 0x0000015b84ce3410
Event: 7.074 Thread 0x0000015b89de1020 Thread exited: 0x0000015b89de1020
Event: 7.096 Thread 0x0000015b897c3200 Thread added: 0x0000015b84ce26f0
Event: 7.217 Thread 0x0000015b84c099f0 Thread added: 0x0000015b89de1020


Dynamic libraries:
0x00007ff731b30000 - 0x00007ff731b3e000 	c:\Users\39392\.vscode\extensions\redhat.java-1.55.0-win32-x64\jre\21.0.11-win32-x86_64\bin\java.exe
0x00007ffa4c6f0000 - 0x00007ffa4c908000 	C:\WINDOWS\SYSTEM32\ntdll.dll
0x00007ffa4b980000 - 0x00007ffa4ba44000 	C:\WINDOWS\System32\KERNEL32.DLL
0x00007ffa49d20000 - 0x00007ffa4a0f3000 	C:\WINDOWS\System32\KERNELBASE.dll
0x00007ffa44b90000 - 0x00007ffa44c27000 	C:\WINDOWS\SYSTEM32\apphelp.dll
0x00007ffa49a10000 - 0x00007ffa49b21000 	C:\WINDOWS\System32\ucrtbase.dll
0x00007ff9ede00000 - 0x00007ff9ede18000 	c:\Users\39392\.vscode\extensions\redhat.java-1.55.0-win32-x64\jre\21.0.11-win32-x86_64\bin\jli.dll
0x00007ff9ef020000 - 0x00007ff9ef03e000 	c:\Users\39392\.vscode\extensions\redhat.java-1.55.0-win32-x64\jre\21.0.11-win32-x86_64\bin\VCRUNTIME140.dll
0x00007ffa4af00000 - 0x00007ffa4b0b2000 	C:\WINDOWS\System32\USER32.dll
0x00007ffa49b30000 - 0x00007ffa49b56000 	C:\WINDOWS\System32\win32u.dll
0x00007ffa37420000 - 0x00007ffa376bc000 	C:\WINDOWS\WinSxS\amd64_microsoft.windows.common-controls_6595b64144ccf1df_6.0.22621.6060_none_2712eda17382d24b\COMCTL32.dll
0x00007ffa4c2f0000 - 0x00007ffa4c319000 	C:\WINDOWS\System32\GDI32.dll
0x00007ffa4ac20000 - 0x00007ffa4acc7000 	C:\WINDOWS\System32\msvcrt.dll
0x00007ffa49800000 - 0x00007ffa4991b000 	C:\WINDOWS\System32\gdi32full.dll
0x00007ffa4a100000 - 0x00007ffa4a19a000 	C:\WINDOWS\System32\msvcp_win.dll
0x00007ffa4b4b0000 - 0x00007ffa4b4e1000 	C:\WINDOWS\System32\IMM32.DLL
0x00007ffa33190000 - 0x00007ffa3319c000 	c:\Users\39392\.vscode\extensions\redhat.java-1.55.0-win32-x64\jre\21.0.11-win32-x86_64\bin\vcruntime140_1.dll
0x00007ff9e8710000 - 0x00007ff9e879d000 	c:\Users\39392\.vscode\extensions\redhat.java-1.55.0-win32-x64\jre\21.0.11-win32-x86_64\bin\msvcp140.dll
0x00007ff998f10000 - 0x00007ff999cb2000 	c:\Users\39392\.vscode\extensions\redhat.java-1.55.0-win32-x64\jre\21.0.11-win32-x86_64\bin\server\jvm.dll
0x00007ffa4ace0000 - 0x00007ffa4ad91000 	C:\WINDOWS\System32\ADVAPI32.dll
0x00007ffa4a390000 - 0x00007ffa4a438000 	C:\WINDOWS\System32\sechost.dll
0x00007ffa499e0000 - 0x00007ffa49a08000 	C:\WINDOWS\System32\bcrypt.dll
0x00007ffa4c590000 - 0x00007ffa4c6a8000 	C:\WINDOWS\System32\RPCRT4.dll
0x00007ffa4c320000 - 0x00007ffa4c391000 	C:\WINDOWS\System32\WS2_32.dll
0x00007ffa48e00000 - 0x00007ffa48e4d000 	C:\WINDOWS\SYSTEM32\POWRPROF.dll
0x00007ffa45180000 - 0x00007ffa451b4000 	C:\WINDOWS\SYSTEM32\WINMM.dll
0x00007ffa459a0000 - 0x00007ffa459aa000 	C:\WINDOWS\SYSTEM32\VERSION.dll
0x00007ffa48d90000 - 0x00007ffa48da3000 	C:\WINDOWS\SYSTEM32\UMPDC.dll
0x00007ffa487a0000 - 0x00007ffa487b8000 	C:\WINDOWS\SYSTEM32\kernel.appcore.dll
0x00007ffa2c500000 - 0x00007ffa2c50a000 	c:\Users\39392\.vscode\extensions\redhat.java-1.55.0-win32-x64\jre\21.0.11-win32-x86_64\bin\jimage.dll
0x00007ffa470f0000 - 0x00007ffa47323000 	C:\WINDOWS\SYSTEM32\DBGHELP.DLL
0x00007ffa4a770000 - 0x00007ffa4ab01000 	C:\WINDOWS\System32\combase.dll
0x00007ffa4ae20000 - 0x00007ffa4aef8000 	C:\WINDOWS\System32\OLEAUT32.dll
0x00007ffa37b00000 - 0x00007ffa37b32000 	C:\WINDOWS\SYSTEM32\dbgcore.DLL
0x00007ffa49b60000 - 0x00007ffa49bdb000 	C:\WINDOWS\System32\bcryptPrimitives.dll
0x00007ffa3ba80000 - 0x00007ffa3ba8f000 	c:\Users\39392\.vscode\extensions\redhat.java-1.55.0-win32-x64\jre\21.0.11-win32-x86_64\bin\instrument.dll
0x00007ff9edde0000 - 0x00007ff9ede00000 	c:\Users\39392\.vscode\extensions\redhat.java-1.55.0-win32-x64\jre\21.0.11-win32-x86_64\bin\java.dll
0x00007ffa4ba50000 - 0x00007ffa4c2ec000 	C:\WINDOWS\System32\SHELL32.dll
0x00007ffa49be0000 - 0x00007ffa49d1f000 	C:\WINDOWS\System32\wintypes.dll
0x00007ffa476b0000 - 0x00007ffa47fca000 	C:\WINDOWS\SYSTEM32\windows.storage.dll
0x00007ffa4a440000 - 0x00007ffa4a544000 	C:\WINDOWS\System32\SHCORE.dll
0x00007ffa4b3e0000 - 0x00007ffa4b449000 	C:\WINDOWS\System32\shlwapi.dll
0x00007ffa49730000 - 0x00007ffa49755000 	C:\WINDOWS\SYSTEM32\profapi.dll
0x00007ff9eb6f0000 - 0x00007ff9eb708000 	c:\Users\39392\.vscode\extensions\redhat.java-1.55.0-win32-x64\jre\21.0.11-win32-x86_64\bin\zip.dll
0x00007ffa1ab70000 - 0x00007ffa1ab80000 	C:\Users\39392\.vscode\extensions\redhat.java-1.55.0-win32-x64\jre\21.0.11-win32-x86_64\bin\net.dll
0x00007ffa45050000 - 0x00007ffa4517c000 	C:\WINDOWS\SYSTEM32\WINHTTP.dll
0x00007ffa48cf0000 - 0x00007ffa48d59000 	C:\WINDOWS\system32\mswsock.dll
0x00007ff9eb6b0000 - 0x00007ff9eb6c6000 	C:\Users\39392\.vscode\extensions\redhat.java-1.55.0-win32-x64\jre\21.0.11-win32-x86_64\bin\nio.dll
0x00007ffa12e10000 - 0x00007ffa12e20000 	c:\Users\39392\.vscode\extensions\redhat.java-1.55.0-win32-x64\jre\21.0.11-win32-x86_64\bin\verify.dll
0x00007ffa0a450000 - 0x00007ffa0a495000 	C:\Users\39392\AppData\Roaming\Code\User\globalStorage\redhat.java\1.55.0\config_win\org.eclipse.equinox.launcher\org.eclipse.equinox.launcher.win32.win32.x86_64_1.3.100.v20260613-0559\eclipse_11924.dll
0x00007ffa4b0c0000 - 0x00007ffa4b261000 	C:\WINDOWS\System32\ole32.dll
0x00007ffa36220000 - 0x00007ffa3622a000 	C:\Users\39392\.vscode\extensions\redhat.java-1.55.0-win32-x64\jre\21.0.11-win32-x86_64\bin\management.dll
0x00007ffa36210000 - 0x00007ffa3621c000 	C:\Users\39392\.vscode\extensions\redhat.java-1.55.0-win32-x64\jre\21.0.11-win32-x86_64\bin\management_ext.dll
0x00007ffa4acd0000 - 0x00007ffa4acd8000 	C:\WINDOWS\System32\PSAPI.DLL

JVMTI agents:
c:\Users\39392\.vscode\extensions\redhat.java-1.55.0-win32-x64\lombok\lombok-1.18.39-4050.jar path:c:\Users\39392\.vscode\extensions\redhat.java-1.55.0-win32-x64\jre\21.0.11-win32-x86_64\bin\instrument.dll, loaded, initialized, instrumentlib options:none

dbghelp: loaded successfully - version: 4.0.5 - missing functions: none
symbol engine: initialized successfully - sym options: 0x614 - pdb path: .;c:\Users\39392\.vscode\extensions\redhat.java-1.55.0-win32-x64\jre\21.0.11-win32-x86_64\bin;C:\WINDOWS\SYSTEM32;C:\WINDOWS\WinSxS\amd64_microsoft.windows.common-controls_6595b64144ccf1df_6.0.22621.6060_none_2712eda17382d24b;c:\Users\39392\.vscode\extensions\redhat.java-1.55.0-win32-x64\jre\21.0.11-win32-x86_64\bin\server;C:\Users\39392\AppData\Roaming\Code\User\globalStorage\redhat.java\1.55.0\config_win\org.eclipse.equinox.launcher\org.eclipse.equinox.launcher.win32.win32.x86_64_1.3.100.v20260613-0559

VM Arguments:
jvm_args: --add-modules=ALL-SYSTEM --add-opens=java.base/java.util=ALL-UNNAMED --add-opens=java.base/java.lang=ALL-UNNAMED --add-opens=java.base/sun.nio.fs=ALL-UNNAMED -Declipse.application=org.eclipse.jdt.ls.core.id1 -Dosgi.bundles.defaultStartLevel=4 -Declipse.product=org.eclipse.jdt.ls.core.product -Djava.import.generatesMetadataFilesAtProjectRoot=false -DDetectVMInstallationsJob.disabled=true -Dfile.encoding=utf8 -XX:+UseParallelGC -XX:GCTimeRatio=4 -XX:AdaptiveSizePolicyWeight=90 -Dsun.zip.disableMemoryMapping=true -Xmx2G -Xms100m -Xlog:disable -javaagent:c:\Users\39392\.vscode\extensions\redhat.java-1.55.0-win32-x64\lombok\lombok-1.18.39-4050.jar -XX:+HeapDumpOnOutOfMemoryError -XX:HeapDumpPath=c:\Users\39392\AppData\Roaming\Code\User\workspaceStorage\67207be25582d3be6616654c83b4efa8\redhat.java -Daether.dependencyCollector.impl=bf 
java_command: c:\Users\39392\.vscode\extensions\redhat.java-1.55.0-win32-x64\server\plugins\org.eclipse.equinox.launcher_1.7.200.v20260619-2039.jar -configuration c:\Users\39392\AppData\Roaming\Code\User\globalStorage\redhat.java\1.55.0\config_win -data c:\Users\39392\AppData\Roaming\Code\User\workspaceStorage\67207be25582d3be6616654c83b4efa8\redhat.java\jdt_ws --pipe=\\.\pipe\lsp-df260f303a825f430fec432c4944ec02-sock
java_class_path (initial): c:\Users\39392\.vscode\extensions\redhat.java-1.55.0-win32-x64\server\plugins\org.eclipse.equinox.launcher_1.7.200.v20260619-2039.jar
Launcher Type: SUN_STANDARD

[Global flags]
    uintx AdaptiveSizePolicyWeight                 = 90                                        {product} {command line}
     intx CICompilerCount                          = 4                                         {product} {ergonomic}
    uintx GCTimeRatio                              = 4                                         {product} {command line}
     bool HeapDumpOnOutOfMemoryError               = true                                   {manageable} {command line}
    ccstr HeapDumpPath                             = c:\Users\39392\AppData\Roaming\Code\User\workspaceStorage\67207be25582d3be6616654c83b4efa8\redhat.java         {manageable} {command line}
   size_t InitialHeapSize                          = 104857600                                 {product} {command line}
   size_t MaxHeapSize                              = 2147483648                                {product} {command line}
   size_t MaxNewSize                               = 715653120                                 {product} {ergonomic}
   size_t MinHeapDeltaBytes                        = 524288                                    {product} {ergonomic}
   size_t MinHeapSize                              = 104857600                                 {product} {command line}
   size_t NewSize                                  = 34603008                                  {product} {ergonomic}
    uintx NonNMethodCodeHeapSize                   = 5839372                                {pd product} {ergonomic}
    uintx NonProfiledCodeHeapSize                  = 122909434                              {pd product} {ergonomic}
   size_t OldSize                                  = 70254592                                  {product} {ergonomic}
    uintx ProfiledCodeHeapSize                     = 122909434                              {pd product} {ergonomic}
    uintx ReservedCodeCacheSize                    = 251658240                              {pd product} {ergonomic}
     bool SegmentedCodeCache                       = true                                      {product} {ergonomic}
   size_t SoftMaxHeapSize                          = 2147483648                             {manageable} {ergonomic}
     bool UseCompressedOops                        = true                           {product lp64_product} {ergonomic}
     bool UseLargePagesIndividualAllocation        = false                                  {pd product} {ergonomic}
     bool UseParallelGC                            = true                                      {product} {command line}

Logging:
Log output configuration:
 #0: stdout all=off uptime,level,tags foldmultilines=false
 #1: stderr all=off uptime,level,tags foldmultilines=false

Release file:
JAVA_VERSION="21.0.11" 
MODULES="java.base java.compiler java.datatransfer java.xml java.prefs java.desktop java.instrument java.logging java.management java.security.sasl java.naming java.rmi java.management.rmi java.net.http java.scripting java.security.jgss java.transaction.xa java.sql java.sql.rowset java.xml.crypto java.se java.smartcardio jdk.accessibility jdk.internal.jvmstat jdk.attach jdk.charsets jdk.internal.opt jdk.zipfs jdk.compiler jdk.crypto.ec jdk.crypto.cryptoki jdk.crypto.mscapi jdk.dynalink jdk.internal.ed jdk.editpad jdk.hotspot.agent jdk.httpserver jdk.internal.le jdk.internal.vm.ci jdk.internal.vm.compiler jdk.internal.vm.compiler.management jdk.jartool jdk.javadoc jdk.jcmd jdk.management jdk.management.agent jdk.jconsole jdk.jdeps jdk.jdwp.agent jdk.jdi jdk.jfr jdk.jshell jdk.jsobject jdk.jstatd jdk.localedata jdk.management.jfr jdk.naming.dns jdk.naming.rmi jdk.net jdk.nio.mapmode jdk.random jdk.sctp jdk.security.auth jdk.security.jgss jdk.unsupported jdk.unsupported.desktop jdk.xml.dom" 

Environment Variables:
PATH=C:\Program Files\Common Files\Oracle\Java\javapath;C:\Program Files (x86)\Common Files\Oracle\Java\javapath;C:\Program Files\OpenLogic\jdk-11.0.19.7-hotspot\bin;C:\Program Files\Python311\Scripts\;C:\Program Files\Python311\;C:\Windows\system32;C:\Windows;C:\Windows\System32\Wbem;C:\Windows\System32\WindowsPowerShell\v1.0\;C:\Windows\System32\OpenSSH\;C:\Program Files (x86)\NVIDIA Corporation\PhysX\Common;C:\WINDOWS\system32;C:\WINDOWS;C:\WINDOWS\System32\Wbem;C:\WINDOWS\System32\WindowsPowerShell\v1.0\;C:\WINDOWS\System32\OpenSSH\;C:\ProgramData\chocolatey\bin;C:\Program Files\Git\cmd;C:\Program Files\dotnet\;C:\Program Files\Microsoft SQL Server\170\Tools\Binn\;C:\Program Files\Microsoft SQL Server\Client SDK\ODBC\170\Tools\Binn\;C:\Program Files (x86)\Microsoft SQL Server\170\Tools\Binn\;C:\Program Files\Microsoft SQL Server\Client SDK\ODBC\180\Tools\Binn\;C:\Program Files\Microsoft SQL Server\170\DTS\Binn\;C:\Program Files\Docker\Docker\resources\bin;C:\Program Files\NVIDIA Corporation\NVIDIA App\NvDLISR;C:\Users\39392\AppData\Local\Microsoft\WindowsApps;C:\Users\39392\AppData\Local\spicetify;C:\Program Files\MySQL\MySQL Server 5.7\bin;C:\Users\39392\AppData\Local\Programs\Microsoft VS Code\bin;C:\Program Files (x86)\Nmap;C:\Users\39392\.dotnet\tools
USERNAME=39392
OS=Windows_NT
PROCESSOR_IDENTIFIER=AMD64 Family 23 Model 24 Stepping 1, AuthenticAMD
TMP=C:\Users\39392\AppData\Local\Temp
TEMP=C:\Users\39392\AppData\Local\Temp




Periodic native trim disabled

---------------  S Y S T E M  ---------------

OS:
 Windows 11 , 64 bit Build 22621 (10.0.22621.5415)
OS uptime: 8 days 0:17 hours
Hyper-V role detected

CPU: total 8 (initial active 8) (8 cores per cpu, 2 threads per core) family 23 model 24 stepping 1 microcode 0x0, cx8, cmov, fxsr, ht, mmx, 3dnowpref, sse, sse2, sse3, ssse3, sse4a, sse4.1, sse4.2, popcnt, lzcnt, tsc, tscinvbit, avx, avx2, aes, clmul, bmi1, bmi2, adx, sha, fma, vzeroupper, clflush, clflushopt, hv, rdtscp, f16c
Processor Information for the first 8 processors :
  Max Mhz: 2300, Current Mhz: 2300, Mhz Limit: 2300

Memory: 4k page, system-wide physical 14272M (3873M free)
TotalPageFile size 16320M (AvailPageFile size 4M)
current process WorkingSet (physical memory assigned to process): 141M, peak: 141M
current process commit charge ("private bytes"): 282M, peak: 283M

vm_info: OpenJDK 64-Bit Server VM (21.0.11+10-LTS) for windows-amd64 JRE (21.0.11+10-LTS), built on 2026-04-21T00:00:00Z by "admin" with MS VC++ 17.12 (VS2022)

END.
